<?xml version="1.0" encoding="UTF-8"?>
<testng-results skipped="0" failed="0" ignored="0" total="1" passed="1">
  <reporter-output>
  </reporter-output>
  <suite name="HRMS_Suite" duration-ms="6132" started-at="2020-04-05T03:10:20Z" finished-at="2020-04-05T03:10:26Z">
    <groups>
    </groups>
    <test name="AdminTest" duration-ms="6132" started-at="2020-04-05T03:10:20Z" finished-at="2020-04-05T03:10:26Z">
      <class name="com.b2IT.adminTestCases.LoginSuite">
        <test-method status="PASS" signature="setUp()[pri:0, instance:com.b2IT.adminTestCases.LoginSuite@57d5872c]" name="setUp" is-config="true" duration-ms="20975" started-at="2020-04-05T08:39:59Z" finished-at="2020-04-05T08:40:20Z">
          <reporter-output>
          </reporter-output>
        </test-method> <!-- setUp -->
        <test-method status="PASS" signature="Task()[pri:0, instance:com.b2IT.adminTestCases.LoginSuite@57d5872c]" name="Task" duration-ms="5528" started-at="2020-04-05T08:40:20Z" finished-at="2020-04-05T08:40:25Z">
          <reporter-output>
          </reporter-output>
        </test-method> <!-- Task -->
        <test-method status="PASS" signature="tearDown()[pri:0, instance:com.b2IT.adminTestCases.LoginSuite@57d5872c]" name="tearDown" is-config="true" duration-ms="1493" started-at="2020-04-05T08:40:26Z" finished-at="2020-04-05T08:40:27Z">
          <reporter-output>
          </reporter-output>
        </test-method> <!-- tearDown -->
      </class> <!-- com.b2IT.adminTestCases.LoginSuite -->
    </test> <!-- AdminTest -->
  </suite> <!-- HRMS_Suite -->
</testng-results>
